<?xml version="1.0" encoding="UTF-8"?>
<!-- Generated by org.testng.reporters.JUnitXMLReporter -->
<testsuite hostname="WIN-LU7H8QDGGU2" name="F2GServerSuite" tests="15" failures="0" timestamp="26 Sep 2017 15:49:54 GMT" time="4.091" errors="0">
  <testcase name="@BeforeClass BeforeClass" time="0.0" classname="f2g.autotests.F2GServerTest">
    <failure type="org.openqa.selenium.WebDriverException" message="Failed to navigate to http://localhost/webclient. This usually means that a call to the COM method IWebBrowser2::Navigate2() failed. (WARNING: The server did not provide any stacktrace information)
Command duration or timeout: 0 milliseconds
Build info: version: &amp;apos;unknown&amp;apos;, revision: &amp;apos;unknown&amp;apos;, time: &amp;apos;unknown&amp;apos;
System info: host: &amp;apos;WIN-LU7H8QDGGU2&amp;apos;, ip: &amp;apos;192.168.0.102&amp;apos;, os.name: &amp;apos;Windows Server 2012 R2&amp;apos;, os.arch: &amp;apos;amd64&amp;apos;, os.version: &amp;apos;6.3&amp;apos;, java.version: &amp;apos;1.8.0_144&amp;apos;
Driver info: org.openqa.selenium.ie.InternetExplorerDriver
Capabilities [{se:ieOptions={browserAttachTimeout=0, ie.enableFullPageScreenshot=true, enablePersistentHover=true, ie.forceCreateProcessApi=false, ie.forceShellWindowsApi=false, ignoreZoomSetting=false, ie.fileUploadDialogTimeout=3000, ie.useLegacyFileUploadDialogHandling=false, nativeEvents=true, ie.ensureCleanSession=false, elementScrollBehavior=0, ie.browserCommandLineSwitches=, requireWindowFocus=false, initialBrowserUrl=http://localhost:29742/, ignoreProtectedModeSettings=false, enableElementCacheCleanup=true}, browserName=internet explorer, pageLoadStrategy=normal, unhandledPromptBehavior=dismiss, javascriptEnabled=true, platformName=WINDOWS, version=11, platform=WINDOWS, unexpectedAlertBehaviour=dismiss}]
Session ID: 0dd8bae1-f0c6-4446-a0bf-2b5bda1fc009">
      <![CDATA[org.openqa.selenium.WebDriverException: Failed to navigate to http://localhost/webclient. This usually means that a call to the COM method IWebBrowser2::Navigate2() failed. (WARNING: The server did not provide any stacktrace information)
Command duration or timeout: 0 milliseconds
Build info: version: 'unknown', revision: 'unknown', time: 'unknown'
System info: host: 'WIN-LU7H8QDGGU2', ip: '192.168.0.102', os.name: 'Windows Server 2012 R2', os.arch: 'amd64', os.version: '6.3', java.version: '1.8.0_144'
Driver info: org.openqa.selenium.ie.InternetExplorerDriver
Capabilities [{se:ieOptions={browserAttachTimeout=0, ie.enableFullPageScreenshot=true, enablePersistentHover=true, ie.forceCreateProcessApi=false, ie.forceShellWindowsApi=false, ignoreZoomSetting=false, ie.fileUploadDialogTimeout=3000, ie.useLegacyFileUploadDialogHandling=false, nativeEvents=true, ie.ensureCleanSession=false, elementScrollBehavior=0, ie.browserCommandLineSwitches=, requireWindowFocus=false, initialBrowserUrl=http://localhost:29742/, ignoreProtectedModeSettings=false, enableElementCacheCleanup=true}, browserName=internet explorer, pageLoadStrategy=normal, unhandledPromptBehavior=dismiss, javascriptEnabled=true, platformName=WINDOWS, version=11, platform=WINDOWS, unexpectedAlertBehaviour=dismiss}]
Session ID: 0dd8bae1-f0c6-4446-a0bf-2b5bda1fc009
	at sun.reflect.NativeConstructorAccessorImpl.newInstance0(Native Method)
	at sun.reflect.NativeConstructorAccessorImpl.newInstance(Unknown Source)
	at sun.reflect.DelegatingConstructorAccessorImpl.newInstance(Unknown Source)
	at java.lang.reflect.Constructor.newInstance(Unknown Source)
	at org.openqa.selenium.remote.ErrorHandler.createThrowable(ErrorHandler.java:215)
	at org.openqa.selenium.remote.ErrorHandler.throwIfResponseFailed(ErrorHandler.java:167)
	at org.openqa.selenium.remote.http.JsonHttpResponseCodec.reconstructValue(JsonHttpResponseCodec.java:40)
	at org.openqa.selenium.remote.http.AbstractHttpResponseCodec.decode(AbstractHttpResponseCodec.java:82)
	at org.openqa.selenium.remote.http.AbstractHttpResponseCodec.decode(AbstractHttpResponseCodec.java:45)
	at org.openqa.selenium.remote.HttpCommandExecutor.execute(HttpCommandExecutor.java:164)
	at org.openqa.selenium.remote.service.DriverCommandExecutor.execute(DriverCommandExecutor.java:82)
	at org.openqa.selenium.remote.RemoteWebDriver.execute(RemoteWebDriver.java:646)
	at org.openqa.selenium.remote.RemoteWebDriver.get(RemoteWebDriver.java:370)
	at f2g.autotests.F2GIEAuth.authenticate(F2GIEAuth.java:11)
	at f2g.autotests.F2GServerTest.BeforeClass(F2GServerTest.java:34)
	at sun.reflect.NativeMethodAccessorImpl.invoke0(Native Method)
	at sun.reflect.NativeMethodAccessorImpl.invoke(Unknown Source)
	at sun.reflect.DelegatingMethodAccessorImpl.invoke(Unknown Source)
	at java.lang.reflect.Method.invoke(Unknown Source)
	at org.testng.internal.MethodInvocationHelper.invokeMethod(MethodInvocationHelper.java:84)
	at org.testng.internal.Invoker.invokeConfigurationMethod(Invoker.java:564)
	at org.testng.internal.Invoker.invokeConfigurations(Invoker.java:213)
	at org.testng.internal.Invoker.invokeConfigurations(Invoker.java:138)
	at org.testng.internal.TestMethodWorker.invokeBeforeClassMethods(TestMethodWorker.java:175)
	at org.testng.internal.TestMethodWorker.run(TestMethodWorker.java:107)
	at org.testng.TestRunner.privateRun(TestRunner.java:767)
	at org.testng.TestRunner.run(TestRunner.java:617)
	at org.testng.SuiteRunner.runTest(SuiteRunner.java:348)
	at org.testng.SuiteRunner.runSequentially(SuiteRunner.java:343)
	at org.testng.SuiteRunner.privateRun(SuiteRunner.java:305)
	at org.testng.SuiteRunner.run(SuiteRunner.java:254)
	at org.testng.SuiteRunnerWorker.runSuite(SuiteRunnerWorker.java:52)
	at org.testng.SuiteRunnerWorker.run(SuiteRunnerWorker.java:86)
	at org.testng.TestNG.runSuitesSequentially(TestNG.java:1224)
	at org.testng.TestNG.runSuitesSequentially(TestNG.java:1220)
	at org.testng.TestNG.runSuitesLocally(TestNG.java:1149)
	at org.testng.TestNG.run(TestNG.java:1057)
	at org.testng.TestNG.privateMain(TestNG.java:1364)
	at org.testng.TestNG.main(TestNG.java:1333)
]]>
    </failure>
  </testcase> <!-- @BeforeClass BeforeClass -->
  <testcase name="@AfterClass AfterClass" time="0.0" classname="f2g.autotests.F2GServerTest">
    <skipped/>
  </testcase> <!-- @AfterClass AfterClass -->
  <testcase name="uploadFileTest" time="0.0" classname="f2g.autotests.F2GServerTest">
    <skipped/>
  </testcase> <!-- uploadFileTest -->
  <testcase name="createFolderTest" time="0.0" classname="f2g.autotests.F2GServerTest">
    <skipped/>
  </testcase> <!-- createFolderTest -->
  <testcase name="serverFilesSortTest" time="0.0" classname="f2g.autotests.F2GServerTest">
    <skipped/>
  </testcase> <!-- serverFilesSortTest -->
  <testcase name="fileDownloadFromContextMenuTest" time="0.0" classname="f2g.autotests.F2GServerTest">
    <skipped/>
  </testcase> <!-- fileDownloadFromContextMenuTest -->
  <testcase name="folderRenameTest" time="0.0" classname="f2g.autotests.F2GServerTest">
    <skipped/>
  </testcase> <!-- folderRenameTest -->
  <testcase name="fileRenameTest" time="0.0" classname="f2g.autotests.F2GServerTest">
    <skipped/>
  </testcase> <!-- fileRenameTest -->
  <testcase name="createSubFolderTest" time="0.0" classname="f2g.autotests.F2GServerTest">
    <skipped/>
  </testcase> <!-- createSubFolderTest -->
  <testcase name="deleteFolderTest" time="0.0" classname="f2g.autotests.F2GServerTest">
    <skipped/>
  </testcase> <!-- deleteFolderTest -->
  <testcase name="deleteFileTest" time="0.0" classname="f2g.autotests.F2GServerTest">
    <skipped/>
  </testcase> <!-- deleteFileTest -->
  <testcase name="fileDownloadButtonTest" time="0.0" classname="f2g.autotests.F2GServerTest">
    <skipped/>
  </testcase> <!-- fileDownloadButtonTest -->
  <testcase name="createProjectRoomTest" time="0.0" classname="f2g.autotests.F2GServerTest">
    <skipped/>
  </testcase> <!-- createProjectRoomTest -->
  <testcase name="createProjectRoomFromFileContextMenuTest" time="0.0" classname="f2g.autotests.F2GServerTest">
    <skipped/>
  </testcase> <!-- createProjectRoomFromFileContextMenuTest -->
  <testcase name="createFileForwardTest" time="0.0" classname="f2g.autotests.F2GServerTest">
    <skipped/>
  </testcase> <!-- createFileForwardTest -->
  <testcase name="folderNavigationTest" time="0.0" classname="f2g.autotests.F2GServerTest">
    <skipped/>
  </testcase> <!-- folderNavigationTest -->
  <testcase name="serverSearchTest" time="0.0" classname="f2g.autotests.F2GServerTest">
    <skipped/>
  </testcase> <!-- serverSearchTest -->
</testsuite> <!-- F2GServerSuite -->
