<?xml version="1.0" encoding="UTF-8"?>
<!-- Generated by org.testng.reporters.JUnitXMLReporter -->
<testsuite hostname="WIN-LU7H8QDGGU2" name="F2GProjectRoomSuite" tests="5" failures="0" timestamp="16 Oct 2017 08:38:52 GMT" time="109.126" errors="0">
  <testcase name="createProjectRoomOnTabTest" time="12.594" classname="f2g.autotests.F2GProjectRoomsTest"/>
  <testcase name="uploadFileToProjectRoomTest" time="21.375" classname="f2g.autotests.F2GProjectRoomsTest"/>
  <testcase name="sendLinkToProjectRoomTest" time="24.953" classname="f2g.autotests.F2GProjectRoomsTest"/>
  <testcase name="deleteProjectRoomTest" time="8.313" classname="f2g.autotests.F2GProjectRoomsTest"/>
  <testcase name="editSettingsTest" time="30.673" classname="f2g.autotests.F2GProjectRoomsTest"/>
</testsuite> <!-- F2GProjectRoomSuite -->
