<?xml version="1.0" encoding="UTF-8"?>
<testng-results skipped="30" failed="0" total="30" passed="0">
  <reporter-output>
  </reporter-output>
  <suite name="Files2Go WebClient" duration-ms="0" started-at="2017-09-26T15:50:22Z" finished-at="2017-09-26T15:50:22Z">
    <groups>
    </groups>
  </suite> <!-- Files2Go WebClient -->
  <suite name="F2GServerSuite" duration-ms="4091" started-at="2017-09-26T15:49:50Z" finished-at="2017-09-26T15:49:54Z">
    <groups>
    </groups>
    <test name="F2GServerSuite" duration-ms="4091" started-at="2017-09-26T15:49:50Z" finished-at="2017-09-26T15:49:54Z">
      <class name="f2g.autotests.F2GServerTest">
        <test-method status="FAIL" signature="BeforeClass()[pri:0, instance:f2g.autotests.F2GServerTest@6a6824be]" name="BeforeClass" is-config="true" duration-ms="0" started-at="2017-09-26T08:49:50Z" finished-at="2017-09-26T08:49:50Z">
          <exception class="org.openqa.selenium.WebDriverException">
            <message>
              <![CDATA[Failed to navigate to http://localhost/webclient. This usually means that a call to the COM method IWebBrowser2::Navigate2() failed. (WARNING: The server did not provide any stacktrace information)
Command duration or timeout: 0 milliseconds
Build info: version: 'unknown', revision: 'unknown', time: 'unknown'
System info: host: 'WIN-LU7H8QDGGU2', ip: '192.168.0.102', os.name: 'Windows Server 2012 R2', os.arch: 'amd64', os.version: '6.3', java.version: '1.8.0_144'
Driver info: org.openqa.selenium.ie.InternetExplorerDriver
Capabilities [{se:ieOptions={browserAttachTimeout=0, ie.enableFullPageScreenshot=true, enablePersistentHover=true, ie.forceCreateProcessApi=false, ie.forceShellWindowsApi=false, ignoreZoomSetting=false, ie.fileUploadDialogTimeout=3000, ie.useLegacyFileUploadDialogHandling=false, nativeEvents=true, ie.ensureCleanSession=false, elementScrollBehavior=0, ie.browserCommandLineSwitches=, requireWindowFocus=false, initialBrowserUrl=http://localhost:29742/, ignoreProtectedModeSettings=false, enableElementCacheCleanup=true}, browserName=internet explorer, pageLoadStrategy=normal, unhandledPromptBehavior=dismiss, javascriptEnabled=true, platformName=WINDOWS, version=11, platform=WINDOWS, unexpectedAlertBehaviour=dismiss}]
Session ID: 0dd8bae1-f0c6-4446-a0bf-2b5bda1fc009]]>
            </message>
            <full-stacktrace>
              <![CDATA[org.openqa.selenium.WebDriverException: Failed to navigate to http://localhost/webclient. This usually means that a call to the COM method IWebBrowser2::Navigate2() failed. (WARNING: The server did not provide any stacktrace information)
Command duration or timeout: 0 milliseconds
Build info: version: 'unknown', revision: 'unknown', time: 'unknown'
System info: host: 'WIN-LU7H8QDGGU2', ip: '192.168.0.102', os.name: 'Windows Server 2012 R2', os.arch: 'amd64', os.version: '6.3', java.version: '1.8.0_144'
Driver info: org.openqa.selenium.ie.InternetExplorerDriver
Capabilities [{se:ieOptions={browserAttachTimeout=0, ie.enableFullPageScreenshot=true, enablePersistentHover=true, ie.forceCreateProcessApi=false, ie.forceShellWindowsApi=false, ignoreZoomSetting=false, ie.fileUploadDialogTimeout=3000, ie.useLegacyFileUploadDialogHandling=false, nativeEvents=true, ie.ensureCleanSession=false, elementScrollBehavior=0, ie.browserCommandLineSwitches=, requireWindowFocus=false, initialBrowserUrl=http://localhost:29742/, ignoreProtectedModeSettings=false, enableElementCacheCleanup=true}, browserName=internet explorer, pageLoadStrategy=normal, unhandledPromptBehavior=dismiss, javascriptEnabled=true, platformName=WINDOWS, version=11, platform=WINDOWS, unexpectedAlertBehaviour=dismiss}]
Session ID: 0dd8bae1-f0c6-4446-a0bf-2b5bda1fc009
	at sun.reflect.NativeConstructorAccessorImpl.newInstance0(Native Method)
	at sun.reflect.NativeConstructorAccessorImpl.newInstance(Unknown Source)
	at sun.reflect.DelegatingConstructorAccessorImpl.newInstance(Unknown Source)
	at java.lang.reflect.Constructor.newInstance(Unknown Source)
	at org.openqa.selenium.remote.ErrorHandler.createThrowable(ErrorHandler.java:215)
	at org.openqa.selenium.remote.ErrorHandler.throwIfResponseFailed(ErrorHandler.java:167)
	at org.openqa.selenium.remote.http.JsonHttpResponseCodec.reconstructValue(JsonHttpResponseCodec.java:40)
	at org.openqa.selenium.remote.http.AbstractHttpResponseCodec.decode(AbstractHttpResponseCodec.java:82)
	at org.openqa.selenium.remote.http.AbstractHttpResponseCodec.decode(AbstractHttpResponseCodec.java:45)
	at org.openqa.selenium.remote.HttpCommandExecutor.execute(HttpCommandExecutor.java:164)
	at org.openqa.selenium.remote.service.DriverCommandExecutor.execute(DriverCommandExecutor.java:82)
	at org.openqa.selenium.remote.RemoteWebDriver.execute(RemoteWebDriver.java:646)
	at org.openqa.selenium.remote.RemoteWebDriver.get(RemoteWebDriver.java:370)
	at f2g.autotests.F2GIEAuth.authenticate(F2GIEAuth.java:11)
	at f2g.autotests.F2GServerTest.BeforeClass(F2GServerTest.java:34)
	at sun.reflect.NativeMethodAccessorImpl.invoke0(Native Method)
	at sun.reflect.NativeMethodAccessorImpl.invoke(Unknown Source)
	at sun.reflect.DelegatingMethodAccessorImpl.invoke(Unknown Source)
	at java.lang.reflect.Method.invoke(Unknown Source)
	at org.testng.internal.MethodInvocationHelper.invokeMethod(MethodInvocationHelper.java:84)
	at org.testng.internal.Invoker.invokeConfigurationMethod(Invoker.java:564)
	at org.testng.internal.Invoker.invokeConfigurations(Invoker.java:213)
	at org.testng.internal.Invoker.invokeConfigurations(Invoker.java:138)
	at org.testng.internal.TestMethodWorker.invokeBeforeClassMethods(TestMethodWorker.java:175)
	at org.testng.internal.TestMethodWorker.run(TestMethodWorker.java:107)
	at org.testng.TestRunner.privateRun(TestRunner.java:767)
	at org.testng.TestRunner.run(TestRunner.java:617)
	at org.testng.SuiteRunner.runTest(SuiteRunner.java:348)
	at org.testng.SuiteRunner.runSequentially(SuiteRunner.java:343)
	at org.testng.SuiteRunner.privateRun(SuiteRunner.java:305)
	at org.testng.SuiteRunner.run(SuiteRunner.java:254)
	at org.testng.SuiteRunnerWorker.runSuite(SuiteRunnerWorker.java:52)
	at org.testng.SuiteRunnerWorker.run(SuiteRunnerWorker.java:86)
	at org.testng.TestNG.runSuitesSequentially(TestNG.java:1224)
	at org.testng.TestNG.runSuitesSequentially(TestNG.java:1220)
	at org.testng.TestNG.runSuitesLocally(TestNG.java:1149)
	at org.testng.TestNG.run(TestNG.java:1057)
	at org.testng.TestNG.privateMain(TestNG.java:1364)
	at org.testng.TestNG.main(TestNG.java:1333)
]]>
            </full-stacktrace>
          </exception> <!-- org.openqa.selenium.WebDriverException -->
          <reporter-output>
          </reporter-output>
        </test-method> <!-- BeforeClass -->
        <test-method status="SKIP" signature="fileDownloadButtonTest()[pri:0, instance:f2g.autotests.F2GServerTest@6a6824be]" name="fileDownloadButtonTest" duration-ms="0" started-at="2017-09-26T08:49:54Z" finished-at="2017-09-26T08:49:54Z">
          <reporter-output>
          </reporter-output>
        </test-method> <!-- fileDownloadButtonTest -->
        <test-method status="SKIP" signature="AfterClass()[pri:0, instance:f2g.autotests.F2GServerTest@6a6824be]" name="AfterClass" is-config="true" duration-ms="0" started-at="2017-09-26T08:49:54Z" finished-at="2017-09-26T08:49:54Z">
          <reporter-output>
          </reporter-output>
        </test-method> <!-- AfterClass -->
        <test-method status="SKIP" signature="deleteFolderTest()[pri:0, instance:f2g.autotests.F2GServerTest@6a6824be]" name="deleteFolderTest" duration-ms="0" started-at="2017-09-26T08:49:54Z" finished-at="2017-09-26T08:49:54Z">
          <reporter-output>
          </reporter-output>
        </test-method> <!-- deleteFolderTest -->
        <test-method status="SKIP" signature="folderNavigationTest()[pri:0, instance:f2g.autotests.F2GServerTest@6a6824be]" name="folderNavigationTest" duration-ms="0" started-at="2017-09-26T08:49:54Z" finished-at="2017-09-26T08:49:54Z">
          <reporter-output>
          </reporter-output>
        </test-method> <!-- folderNavigationTest -->
        <test-method status="SKIP" signature="createProjectRoomTest()[pri:0, instance:f2g.autotests.F2GServerTest@6a6824be]" name="createProjectRoomTest" duration-ms="0" started-at="2017-09-26T08:49:54Z" finished-at="2017-09-26T08:49:54Z">
          <reporter-output>
          </reporter-output>
        </test-method> <!-- createProjectRoomTest -->
        <test-method status="SKIP" signature="createFolderTest()[pri:0, instance:f2g.autotests.F2GServerTest@6a6824be]" name="createFolderTest" duration-ms="0" started-at="2017-09-26T08:49:54Z" finished-at="2017-09-26T08:49:54Z">
          <reporter-output>
          </reporter-output>
        </test-method> <!-- createFolderTest -->
        <test-method status="SKIP" signature="createProjectRoomFromFileContextMenuTest()[pri:0, instance:f2g.autotests.F2GServerTest@6a6824be]" name="createProjectRoomFromFileContextMenuTest" duration-ms="0" started-at="2017-09-26T08:49:54Z" finished-at="2017-09-26T08:49:54Z">
          <reporter-output>
          </reporter-output>
        </test-method> <!-- createProjectRoomFromFileContextMenuTest -->
        <test-method status="SKIP" signature="createFileForwardTest()[pri:0, instance:f2g.autotests.F2GServerTest@6a6824be]" name="createFileForwardTest" duration-ms="0" started-at="2017-09-26T08:49:54Z" finished-at="2017-09-26T08:49:54Z">
          <reporter-output>
          </reporter-output>
        </test-method> <!-- createFileForwardTest -->
        <test-method status="SKIP" signature="serverFilesSortTest()[pri:0, instance:f2g.autotests.F2GServerTest@6a6824be]" name="serverFilesSortTest" duration-ms="0" started-at="2017-09-26T08:49:54Z" finished-at="2017-09-26T08:49:54Z">
          <reporter-output>
          </reporter-output>
        </test-method> <!-- serverFilesSortTest -->
        <test-method status="SKIP" signature="createSubFolderTest()[pri:0, instance:f2g.autotests.F2GServerTest@6a6824be]" name="createSubFolderTest" duration-ms="0" started-at="2017-09-26T08:49:54Z" finished-at="2017-09-26T08:49:54Z">
          <reporter-output>
          </reporter-output>
        </test-method> <!-- createSubFolderTest -->
        <test-method status="SKIP" signature="fileRenameTest()[pri:0, instance:f2g.autotests.F2GServerTest@6a6824be]" name="fileRenameTest" duration-ms="0" started-at="2017-09-26T08:49:54Z" finished-at="2017-09-26T08:49:54Z">
          <reporter-output>
          </reporter-output>
        </test-method> <!-- fileRenameTest -->
        <test-method status="SKIP" signature="deleteFileTest()[pri:0, instance:f2g.autotests.F2GServerTest@6a6824be]" name="deleteFileTest" duration-ms="0" started-at="2017-09-26T08:49:54Z" finished-at="2017-09-26T08:49:54Z">
          <reporter-output>
          </reporter-output>
        </test-method> <!-- deleteFileTest -->
        <test-method status="SKIP" signature="fileDownloadFromContextMenuTest()[pri:0, instance:f2g.autotests.F2GServerTest@6a6824be]" name="fileDownloadFromContextMenuTest" duration-ms="0" started-at="2017-09-26T08:49:54Z" finished-at="2017-09-26T08:49:54Z">
          <reporter-output>
          </reporter-output>
        </test-method> <!-- fileDownloadFromContextMenuTest -->
        <test-method status="SKIP" signature="uploadFileTest()[pri:0, instance:f2g.autotests.F2GServerTest@6a6824be]" name="uploadFileTest" duration-ms="0" started-at="2017-09-26T08:49:54Z" finished-at="2017-09-26T08:49:54Z">
          <reporter-output>
          </reporter-output>
        </test-method> <!-- uploadFileTest -->
        <test-method status="SKIP" signature="folderRenameTest()[pri:0, instance:f2g.autotests.F2GServerTest@6a6824be]" name="folderRenameTest" duration-ms="0" started-at="2017-09-26T08:49:54Z" finished-at="2017-09-26T08:49:54Z">
          <reporter-output>
          </reporter-output>
        </test-method> <!-- folderRenameTest -->
        <test-method status="SKIP" signature="serverSearchTest()[pri:0, instance:f2g.autotests.F2GServerTest@6a6824be]" name="serverSearchTest" duration-ms="0" started-at="2017-09-26T08:49:54Z" finished-at="2017-09-26T08:49:54Z">
          <reporter-output>
          </reporter-output>
        </test-method> <!-- serverSearchTest -->
      </class> <!-- f2g.autotests.F2GServerTest -->
    </test> <!-- F2GServerSuite -->
  </suite> <!-- F2GServerSuite -->
  <suite name="F2GFileForwardSuite" duration-ms="8985" started-at="2017-09-26T15:50:03Z" finished-at="2017-09-26T15:50:12Z">
    <groups>
    </groups>
    <test name="F2GFileForwardSuite" duration-ms="8985" started-at="2017-09-26T15:50:03Z" finished-at="2017-09-26T15:50:12Z">
      <class name="f2g.autotests.F2GFileForwardsTest">
        <test-method status="FAIL" signature="BeforeClass()[pri:0, instance:f2g.autotests.F2GFileForwardsTest@2e5c649]" name="BeforeClass" is-config="true" duration-ms="0" started-at="2017-09-26T08:50:03Z" finished-at="2017-09-26T08:50:03Z">
          <exception class="org.openqa.selenium.UnhandledAlertException">
            <message>
              <![CDATA[Modal dialog present: 
Build info: version: 'unknown', revision: 'unknown', time: 'unknown'
System info: host: 'WIN-LU7H8QDGGU2', ip: '192.168.0.102', os.name: 'Windows Server 2012 R2', os.arch: 'amd64', os.version: '6.3', java.version: '1.8.0_144'
Driver info: org.openqa.selenium.ie.InternetExplorerDriver
Capabilities [{se:ieOptions={browserAttachTimeout=0, ie.enableFullPageScreenshot=true, enablePersistentHover=true, ie.forceCreateProcessApi=false, ie.forceShellWindowsApi=false, ignoreZoomSetting=false, ie.fileUploadDialogTimeout=3000, ie.useLegacyFileUploadDialogHandling=false, nativeEvents=true, ie.ensureCleanSession=false, elementScrollBehavior=0, ie.browserCommandLineSwitches=, requireWindowFocus=false, initialBrowserUrl=http://localhost:7817/, ignoreProtectedModeSettings=false, enableElementCacheCleanup=true}, browserName=internet explorer, pageLoadStrategy=normal, unhandledPromptBehavior=dismiss, javascriptEnabled=true, platformName=WINDOWS, version=11, platform=WINDOWS, unexpectedAlertBehaviour=dismiss}]
Session ID: a65d1d04-a4f6-4310-b47a-3c18f802fb0d]]>
            </message>
            <full-stacktrace>
              <![CDATA[org.openqa.selenium.UnhandledAlertException: Modal dialog present: 
Build info: version: 'unknown', revision: 'unknown', time: 'unknown'
System info: host: 'WIN-LU7H8QDGGU2', ip: '192.168.0.102', os.name: 'Windows Server 2012 R2', os.arch: 'amd64', os.version: '6.3', java.version: '1.8.0_144'
Driver info: org.openqa.selenium.ie.InternetExplorerDriver
Capabilities [{se:ieOptions={browserAttachTimeout=0, ie.enableFullPageScreenshot=true, enablePersistentHover=true, ie.forceCreateProcessApi=false, ie.forceShellWindowsApi=false, ignoreZoomSetting=false, ie.fileUploadDialogTimeout=3000, ie.useLegacyFileUploadDialogHandling=false, nativeEvents=true, ie.ensureCleanSession=false, elementScrollBehavior=0, ie.browserCommandLineSwitches=, requireWindowFocus=false, initialBrowserUrl=http://localhost:7817/, ignoreProtectedModeSettings=false, enableElementCacheCleanup=true}, browserName=internet explorer, pageLoadStrategy=normal, unhandledPromptBehavior=dismiss, javascriptEnabled=true, platformName=WINDOWS, version=11, platform=WINDOWS, unexpectedAlertBehaviour=dismiss}]
Session ID: a65d1d04-a4f6-4310-b47a-3c18f802fb0d
	at sun.reflect.NativeConstructorAccessorImpl.newInstance0(Native Method)
	at sun.reflect.NativeConstructorAccessorImpl.newInstance(Unknown Source)
	at sun.reflect.DelegatingConstructorAccessorImpl.newInstance(Unknown Source)
	at java.lang.reflect.Constructor.newInstance(Unknown Source)
	at org.openqa.selenium.remote.ErrorHandler.createThrowable(ErrorHandler.java:215)
	at org.openqa.selenium.remote.ErrorHandler.createUnhandledAlertException(ErrorHandler.java:196)
	at org.openqa.selenium.remote.ErrorHandler.throwIfResponseFailed(ErrorHandler.java:157)
	at org.openqa.selenium.remote.http.JsonHttpResponseCodec.reconstructValue(JsonHttpResponseCodec.java:40)
	at org.openqa.selenium.remote.http.AbstractHttpResponseCodec.decode(AbstractHttpResponseCodec.java:82)
	at org.openqa.selenium.remote.http.AbstractHttpResponseCodec.decode(AbstractHttpResponseCodec.java:45)
	at org.openqa.selenium.remote.HttpCommandExecutor.execute(HttpCommandExecutor.java:164)
	at org.openqa.selenium.remote.service.DriverCommandExecutor.execute(DriverCommandExecutor.java:82)
	at org.openqa.selenium.remote.RemoteWebDriver.execute(RemoteWebDriver.java:646)
	at org.openqa.selenium.remote.RemoteWebDriver$RemoteWebDriverOptions$RemoteTimeouts.implicitlyWait(RemoteWebDriver.java:877)
	at f2g.autotests.F2GFileForwardsTest.BeforeClass(F2GFileForwardsTest.java:30)
	at sun.reflect.NativeMethodAccessorImpl.invoke0(Native Method)
	at sun.reflect.NativeMethodAccessorImpl.invoke(Unknown Source)
	at sun.reflect.DelegatingMethodAccessorImpl.invoke(Unknown Source)
	at java.lang.reflect.Method.invoke(Unknown Source)
	at org.testng.internal.MethodInvocationHelper.invokeMethod(MethodInvocationHelper.java:84)
	at org.testng.internal.Invoker.invokeConfigurationMethod(Invoker.java:564)
	at org.testng.internal.Invoker.invokeConfigurations(Invoker.java:213)
	at org.testng.internal.Invoker.invokeConfigurations(Invoker.java:138)
	at org.testng.internal.TestMethodWorker.invokeBeforeClassMethods(TestMethodWorker.java:175)
	at org.testng.internal.TestMethodWorker.run(TestMethodWorker.java:107)
	at org.testng.TestRunner.privateRun(TestRunner.java:767)
	at org.testng.TestRunner.run(TestRunner.java:617)
	at org.testng.SuiteRunner.runTest(SuiteRunner.java:348)
	at org.testng.SuiteRunner.runSequentially(SuiteRunner.java:343)
	at org.testng.SuiteRunner.privateRun(SuiteRunner.java:305)
	at org.testng.SuiteRunner.run(SuiteRunner.java:254)
	at org.testng.SuiteRunnerWorker.runSuite(SuiteRunnerWorker.java:52)
	at org.testng.SuiteRunnerWorker.run(SuiteRunnerWorker.java:86)
	at org.testng.TestNG.runSuitesSequentially(TestNG.java:1224)
	at org.testng.TestNG.runSuitesSequentially(TestNG.java:1220)
	at org.testng.TestNG.runSuitesLocally(TestNG.java:1149)
	at org.testng.TestNG.run(TestNG.java:1057)
	at org.testng.TestNG.privateMain(TestNG.java:1364)
	at org.testng.TestNG.main(TestNG.java:1333)
]]>
            </full-stacktrace>
          </exception> <!-- org.openqa.selenium.UnhandledAlertException -->
          <reporter-output>
          </reporter-output>
        </test-method> <!-- BeforeClass -->
        <test-method status="SKIP" signature="deleteFileForwardTest()[pri:0, instance:f2g.autotests.F2GFileForwardsTest@2e5c649]" name="deleteFileForwardTest" duration-ms="0" started-at="2017-09-26T08:50:12Z" finished-at="2017-09-26T08:50:12Z">
          <reporter-output>
          </reporter-output>
        </test-method> <!-- deleteFileForwardTest -->
        <test-method status="SKIP" signature="downloadFileForwardTest()[pri:0, instance:f2g.autotests.F2GFileForwardsTest@2e5c649]" name="downloadFileForwardTest" duration-ms="0" started-at="2017-09-26T08:50:12Z" finished-at="2017-09-26T08:50:12Z">
          <reporter-output>
          </reporter-output>
        </test-method> <!-- downloadFileForwardTest -->
        <test-method status="SKIP" signature="previewFileForwardTest()[pri:0, instance:f2g.autotests.F2GFileForwardsTest@2e5c649]" name="previewFileForwardTest" duration-ms="0" started-at="2017-09-26T08:50:12Z" finished-at="2017-09-26T08:50:12Z">
          <reporter-output>
          </reporter-output>
        </test-method> <!-- previewFileForwardTest -->
        <test-method status="SKIP" signature="editFileForwardSettingsTest()[pri:0, instance:f2g.autotests.F2GFileForwardsTest@2e5c649]" name="editFileForwardSettingsTest" duration-ms="0" started-at="2017-09-26T08:50:12Z" finished-at="2017-09-26T08:50:12Z">
          <reporter-output>
          </reporter-output>
        </test-method> <!-- editFileForwardSettingsTest -->
        <test-method status="SKIP" signature="createFileForwardTest()[pri:0, instance:f2g.autotests.F2GFileForwardsTest@2e5c649]" name="createFileForwardTest" duration-ms="0" started-at="2017-09-26T08:50:12Z" finished-at="2017-09-26T08:50:12Z">
          <reporter-output>
          </reporter-output>
        </test-method> <!-- createFileForwardTest -->
        <test-method status="SKIP" signature="renameFileForwardTest()[pri:0, instance:f2g.autotests.F2GFileForwardsTest@2e5c649]" name="renameFileForwardTest" duration-ms="0" started-at="2017-09-26T08:50:12Z" finished-at="2017-09-26T08:50:12Z">
          <reporter-output>
          </reporter-output>
        </test-method> <!-- renameFileForwardTest -->
        <test-method status="SKIP" signature="fileForwardStatisticsTest()[pri:0, instance:f2g.autotests.F2GFileForwardsTest@2e5c649]" name="fileForwardStatisticsTest" duration-ms="0" started-at="2017-09-26T08:50:12Z" finished-at="2017-09-26T08:50:12Z">
          <reporter-output>
          </reporter-output>
        </test-method> <!-- fileForwardStatisticsTest -->
        <test-method status="SKIP" signature="AfterClass()[pri:0, instance:f2g.autotests.F2GFileForwardsTest@2e5c649]" name="AfterClass" is-config="true" duration-ms="0" started-at="2017-09-26T08:50:12Z" finished-at="2017-09-26T08:50:12Z">
          <reporter-output>
          </reporter-output>
        </test-method> <!-- AfterClass -->
      </class> <!-- f2g.autotests.F2GFileForwardsTest -->
    </test> <!-- F2GFileForwardSuite -->
  </suite> <!-- F2GFileForwardSuite -->
  <suite name="F2GUsersSuite" duration-ms="8847" started-at="2017-09-26T15:50:12Z" finished-at="2017-09-26T15:50:21Z">
    <groups>
    </groups>
    <test name="F2GUsersSuite" duration-ms="8847" started-at="2017-09-26T15:50:12Z" finished-at="2017-09-26T15:50:21Z">
      <class name="f2g.autotests.F2GUsersTest">
        <test-method status="FAIL" signature="BeforeClass()[pri:0, instance:f2g.autotests.F2GUsersTest@1c6b6478]" name="BeforeClass" is-config="true" duration-ms="0" started-at="2017-09-26T08:50:12Z" finished-at="2017-09-26T08:50:12Z">
          <exception class="org.openqa.selenium.UnhandledAlertException">
            <message>
              <![CDATA[Modal dialog present: 
Build info: version: 'unknown', revision: 'unknown', time: 'unknown'
System info: host: 'WIN-LU7H8QDGGU2', ip: '192.168.0.102', os.name: 'Windows Server 2012 R2', os.arch: 'amd64', os.version: '6.3', java.version: '1.8.0_144'
Driver info: org.openqa.selenium.ie.InternetExplorerDriver
Capabilities [{se:ieOptions={browserAttachTimeout=0, ie.enableFullPageScreenshot=true, enablePersistentHover=true, ie.forceCreateProcessApi=false, ie.forceShellWindowsApi=false, ignoreZoomSetting=false, ie.fileUploadDialogTimeout=3000, ie.useLegacyFileUploadDialogHandling=false, nativeEvents=true, ie.ensureCleanSession=false, elementScrollBehavior=0, ie.browserCommandLineSwitches=, requireWindowFocus=false, initialBrowserUrl=http://localhost:4167/, ignoreProtectedModeSettings=false, enableElementCacheCleanup=true}, browserName=internet explorer, pageLoadStrategy=normal, unhandledPromptBehavior=dismiss, javascriptEnabled=true, platformName=WINDOWS, version=11, platform=WINDOWS, unexpectedAlertBehaviour=dismiss}]
Session ID: f816c94b-09dd-485e-8930-0f405bc60525]]>
            </message>
            <full-stacktrace>
              <![CDATA[org.openqa.selenium.UnhandledAlertException: Modal dialog present: 
Build info: version: 'unknown', revision: 'unknown', time: 'unknown'
System info: host: 'WIN-LU7H8QDGGU2', ip: '192.168.0.102', os.name: 'Windows Server 2012 R2', os.arch: 'amd64', os.version: '6.3', java.version: '1.8.0_144'
Driver info: org.openqa.selenium.ie.InternetExplorerDriver
Capabilities [{se:ieOptions={browserAttachTimeout=0, ie.enableFullPageScreenshot=true, enablePersistentHover=true, ie.forceCreateProcessApi=false, ie.forceShellWindowsApi=false, ignoreZoomSetting=false, ie.fileUploadDialogTimeout=3000, ie.useLegacyFileUploadDialogHandling=false, nativeEvents=true, ie.ensureCleanSession=false, elementScrollBehavior=0, ie.browserCommandLineSwitches=, requireWindowFocus=false, initialBrowserUrl=http://localhost:4167/, ignoreProtectedModeSettings=false, enableElementCacheCleanup=true}, browserName=internet explorer, pageLoadStrategy=normal, unhandledPromptBehavior=dismiss, javascriptEnabled=true, platformName=WINDOWS, version=11, platform=WINDOWS, unexpectedAlertBehaviour=dismiss}]
Session ID: f816c94b-09dd-485e-8930-0f405bc60525
	at sun.reflect.NativeConstructorAccessorImpl.newInstance0(Native Method)
	at sun.reflect.NativeConstructorAccessorImpl.newInstance(Unknown Source)
	at sun.reflect.DelegatingConstructorAccessorImpl.newInstance(Unknown Source)
	at java.lang.reflect.Constructor.newInstance(Unknown Source)
	at org.openqa.selenium.remote.ErrorHandler.createThrowable(ErrorHandler.java:215)
	at org.openqa.selenium.remote.ErrorHandler.createUnhandledAlertException(ErrorHandler.java:196)
	at org.openqa.selenium.remote.ErrorHandler.throwIfResponseFailed(ErrorHandler.java:157)
	at org.openqa.selenium.remote.http.JsonHttpResponseCodec.reconstructValue(JsonHttpResponseCodec.java:40)
	at org.openqa.selenium.remote.http.AbstractHttpResponseCodec.decode(AbstractHttpResponseCodec.java:82)
	at org.openqa.selenium.remote.http.AbstractHttpResponseCodec.decode(AbstractHttpResponseCodec.java:45)
	at org.openqa.selenium.remote.HttpCommandExecutor.execute(HttpCommandExecutor.java:164)
	at org.openqa.selenium.remote.service.DriverCommandExecutor.execute(DriverCommandExecutor.java:82)
	at org.openqa.selenium.remote.RemoteWebDriver.execute(RemoteWebDriver.java:646)
	at org.openqa.selenium.remote.RemoteWebDriver$RemoteWebDriverOptions$RemoteTimeouts.implicitlyWait(RemoteWebDriver.java:877)
	at f2g.autotests.F2GUsersTest.BeforeClass(F2GUsersTest.java:28)
	at sun.reflect.NativeMethodAccessorImpl.invoke0(Native Method)
	at sun.reflect.NativeMethodAccessorImpl.invoke(Unknown Source)
	at sun.reflect.DelegatingMethodAccessorImpl.invoke(Unknown Source)
	at java.lang.reflect.Method.invoke(Unknown Source)
	at org.testng.internal.MethodInvocationHelper.invokeMethod(MethodInvocationHelper.java:84)
	at org.testng.internal.Invoker.invokeConfigurationMethod(Invoker.java:564)
	at org.testng.internal.Invoker.invokeConfigurations(Invoker.java:213)
	at org.testng.internal.Invoker.invokeConfigurations(Invoker.java:138)
	at org.testng.internal.TestMethodWorker.invokeBeforeClassMethods(TestMethodWorker.java:175)
	at org.testng.internal.TestMethodWorker.run(TestMethodWorker.java:107)
	at org.testng.TestRunner.privateRun(TestRunner.java:767)
	at org.testng.TestRunner.run(TestRunner.java:617)
	at org.testng.SuiteRunner.runTest(SuiteRunner.java:348)
	at org.testng.SuiteRunner.runSequentially(SuiteRunner.java:343)
	at org.testng.SuiteRunner.privateRun(SuiteRunner.java:305)
	at org.testng.SuiteRunner.run(SuiteRunner.java:254)
	at org.testng.SuiteRunnerWorker.runSuite(SuiteRunnerWorker.java:52)
	at org.testng.SuiteRunnerWorker.run(SuiteRunnerWorker.java:86)
	at org.testng.TestNG.runSuitesSequentially(TestNG.java:1224)
	at org.testng.TestNG.runSuitesSequentially(TestNG.java:1220)
	at org.testng.TestNG.runSuitesLocally(TestNG.java:1149)
	at org.testng.TestNG.run(TestNG.java:1057)
	at org.testng.TestNG.privateMain(TestNG.java:1364)
	at org.testng.TestNG.main(TestNG.java:1333)
]]>
            </full-stacktrace>
          </exception> <!-- org.openqa.selenium.UnhandledAlertException -->
          <reporter-output>
          </reporter-output>
        </test-method> <!-- BeforeClass -->
        <test-method status="SKIP" signature="editUserTest()[pri:0, instance:f2g.autotests.F2GUsersTest@1c6b6478]" name="editUserTest" duration-ms="0" started-at="2017-09-26T08:50:21Z" finished-at="2017-09-26T08:50:21Z">
          <reporter-output>
          </reporter-output>
        </test-method> <!-- editUserTest -->
        <test-method status="SKIP" signature="deleteUserTest()[pri:0, instance:f2g.autotests.F2GUsersTest@1c6b6478]" name="deleteUserTest" duration-ms="0" started-at="2017-09-26T08:50:21Z" finished-at="2017-09-26T08:50:21Z">
          <reporter-output>
          </reporter-output>
        </test-method> <!-- deleteUserTest -->
        <test-method status="SKIP" signature="AfterClass()[pri:0, instance:f2g.autotests.F2GUsersTest@1c6b6478]" name="AfterClass" is-config="true" duration-ms="0" started-at="2017-09-26T08:50:21Z" finished-at="2017-09-26T08:50:21Z">
          <reporter-output>
          </reporter-output>
        </test-method> <!-- AfterClass -->
        <test-method status="SKIP" signature="createUserTest()[pri:0, instance:f2g.autotests.F2GUsersTest@1c6b6478]" name="createUserTest" duration-ms="0" started-at="2017-09-26T08:50:21Z" finished-at="2017-09-26T08:50:21Z">
          <reporter-output>
          </reporter-output>
        </test-method> <!-- createUserTest -->
      </class> <!-- f2g.autotests.F2GUsersTest -->
    </test> <!-- F2GUsersSuite -->
  </suite> <!-- F2GUsersSuite -->
  <suite name="F2GProjectRoomSuite" duration-ms="9112" started-at="2017-09-26T15:49:54Z" finished-at="2017-09-26T15:50:03Z">
    <groups>
    </groups>
    <test name="F2GProjectRoomSuite" duration-ms="9112" started-at="2017-09-26T15:49:54Z" finished-at="2017-09-26T15:50:03Z">
      <class name="f2g.autotests.F2GProjectRoomsTest">
        <test-method status="FAIL" signature="BeforeClass()[pri:0, instance:f2g.autotests.F2GProjectRoomsTest@1f89ab83]" name="BeforeClass" is-config="true" duration-ms="0" started-at="2017-09-26T08:49:54Z" finished-at="2017-09-26T08:49:54Z">
          <exception class="org.openqa.selenium.UnhandledAlertException">
            <message>
              <![CDATA[Modal dialog present: 
Build info: version: 'unknown', revision: 'unknown', time: 'unknown'
System info: host: 'WIN-LU7H8QDGGU2', ip: '192.168.0.102', os.name: 'Windows Server 2012 R2', os.arch: 'amd64', os.version: '6.3', java.version: '1.8.0_144'
Driver info: org.openqa.selenium.ie.InternetExplorerDriver
Capabilities [{se:ieOptions={browserAttachTimeout=0, ie.enableFullPageScreenshot=true, enablePersistentHover=true, ie.forceCreateProcessApi=false, ie.forceShellWindowsApi=false, ignoreZoomSetting=false, ie.fileUploadDialogTimeout=3000, ie.useLegacyFileUploadDialogHandling=false, nativeEvents=true, ie.ensureCleanSession=false, elementScrollBehavior=0, ie.browserCommandLineSwitches=, requireWindowFocus=false, initialBrowserUrl=http://localhost:47784/, ignoreProtectedModeSettings=false, enableElementCacheCleanup=true}, browserName=internet explorer, pageLoadStrategy=normal, unhandledPromptBehavior=dismiss, javascriptEnabled=true, platformName=WINDOWS, version=11, platform=WINDOWS, unexpectedAlertBehaviour=dismiss}]
Session ID: 2bbaea24-499c-4401-b8a6-677571d9eed3]]>
            </message>
            <full-stacktrace>
              <![CDATA[org.openqa.selenium.UnhandledAlertException: Modal dialog present: 
Build info: version: 'unknown', revision: 'unknown', time: 'unknown'
System info: host: 'WIN-LU7H8QDGGU2', ip: '192.168.0.102', os.name: 'Windows Server 2012 R2', os.arch: 'amd64', os.version: '6.3', java.version: '1.8.0_144'
Driver info: org.openqa.selenium.ie.InternetExplorerDriver
Capabilities [{se:ieOptions={browserAttachTimeout=0, ie.enableFullPageScreenshot=true, enablePersistentHover=true, ie.forceCreateProcessApi=false, ie.forceShellWindowsApi=false, ignoreZoomSetting=false, ie.fileUploadDialogTimeout=3000, ie.useLegacyFileUploadDialogHandling=false, nativeEvents=true, ie.ensureCleanSession=false, elementScrollBehavior=0, ie.browserCommandLineSwitches=, requireWindowFocus=false, initialBrowserUrl=http://localhost:47784/, ignoreProtectedModeSettings=false, enableElementCacheCleanup=true}, browserName=internet explorer, pageLoadStrategy=normal, unhandledPromptBehavior=dismiss, javascriptEnabled=true, platformName=WINDOWS, version=11, platform=WINDOWS, unexpectedAlertBehaviour=dismiss}]
Session ID: 2bbaea24-499c-4401-b8a6-677571d9eed3
	at sun.reflect.NativeConstructorAccessorImpl.newInstance0(Native Method)
	at sun.reflect.NativeConstructorAccessorImpl.newInstance(Unknown Source)
	at sun.reflect.DelegatingConstructorAccessorImpl.newInstance(Unknown Source)
	at java.lang.reflect.Constructor.newInstance(Unknown Source)
	at org.openqa.selenium.remote.ErrorHandler.createThrowable(ErrorHandler.java:215)
	at org.openqa.selenium.remote.ErrorHandler.createUnhandledAlertException(ErrorHandler.java:196)
	at org.openqa.selenium.remote.ErrorHandler.throwIfResponseFailed(ErrorHandler.java:157)
	at org.openqa.selenium.remote.http.JsonHttpResponseCodec.reconstructValue(JsonHttpResponseCodec.java:40)
	at org.openqa.selenium.remote.http.AbstractHttpResponseCodec.decode(AbstractHttpResponseCodec.java:82)
	at org.openqa.selenium.remote.http.AbstractHttpResponseCodec.decode(AbstractHttpResponseCodec.java:45)
	at org.openqa.selenium.remote.HttpCommandExecutor.execute(HttpCommandExecutor.java:164)
	at org.openqa.selenium.remote.service.DriverCommandExecutor.execute(DriverCommandExecutor.java:82)
	at org.openqa.selenium.remote.RemoteWebDriver.execute(RemoteWebDriver.java:646)
	at org.openqa.selenium.remote.RemoteWebDriver$RemoteWebDriverOptions$RemoteTimeouts.implicitlyWait(RemoteWebDriver.java:877)
	at f2g.autotests.F2GProjectRoomsTest.BeforeClass(F2GProjectRoomsTest.java:29)
	at sun.reflect.NativeMethodAccessorImpl.invoke0(Native Method)
	at sun.reflect.NativeMethodAccessorImpl.invoke(Unknown Source)
	at sun.reflect.DelegatingMethodAccessorImpl.invoke(Unknown Source)
	at java.lang.reflect.Method.invoke(Unknown Source)
	at org.testng.internal.MethodInvocationHelper.invokeMethod(MethodInvocationHelper.java:84)
	at org.testng.internal.Invoker.invokeConfigurationMethod(Invoker.java:564)
	at org.testng.internal.Invoker.invokeConfigurations(Invoker.java:213)
	at org.testng.internal.Invoker.invokeConfigurations(Invoker.java:138)
	at org.testng.internal.TestMethodWorker.invokeBeforeClassMethods(TestMethodWorker.java:175)
	at org.testng.internal.TestMethodWorker.run(TestMethodWorker.java:107)
	at org.testng.TestRunner.privateRun(TestRunner.java:767)
	at org.testng.TestRunner.run(TestRunner.java:617)
	at org.testng.SuiteRunner.runTest(SuiteRunner.java:348)
	at org.testng.SuiteRunner.runSequentially(SuiteRunner.java:343)
	at org.testng.SuiteRunner.privateRun(SuiteRunner.java:305)
	at org.testng.SuiteRunner.run(SuiteRunner.java:254)
	at org.testng.SuiteRunnerWorker.runSuite(SuiteRunnerWorker.java:52)
	at org.testng.SuiteRunnerWorker.run(SuiteRunnerWorker.java:86)
	at org.testng.TestNG.runSuitesSequentially(TestNG.java:1224)
	at org.testng.TestNG.runSuitesSequentially(TestNG.java:1220)
	at org.testng.TestNG.runSuitesLocally(TestNG.java:1149)
	at org.testng.TestNG.run(TestNG.java:1057)
	at org.testng.TestNG.privateMain(TestNG.java:1364)
	at org.testng.TestNG.main(TestNG.java:1333)
]]>
            </full-stacktrace>
          </exception> <!-- org.openqa.selenium.UnhandledAlertException -->
          <reporter-output>
          </reporter-output>
        </test-method> <!-- BeforeClass -->
        <test-method status="SKIP" signature="editSettingsTest()[pri:0, instance:f2g.autotests.F2GProjectRoomsTest@1f89ab83]" name="editSettingsTest" duration-ms="0" started-at="2017-09-26T08:50:03Z" finished-at="2017-09-26T08:50:03Z">
          <reporter-output>
          </reporter-output>
        </test-method> <!-- editSettingsTest -->
        <test-method status="SKIP" signature="AfterClass()[pri:0, instance:f2g.autotests.F2GProjectRoomsTest@1f89ab83]" name="AfterClass" is-config="true" duration-ms="0" started-at="2017-09-26T08:50:03Z" finished-at="2017-09-26T08:50:03Z">
          <reporter-output>
          </reporter-output>
        </test-method> <!-- AfterClass -->
        <test-method status="SKIP" signature="createProjectRoomOnTabTest()[pri:0, instance:f2g.autotests.F2GProjectRoomsTest@1f89ab83]" name="createProjectRoomOnTabTest" duration-ms="0" started-at="2017-09-26T08:50:03Z" finished-at="2017-09-26T08:50:03Z">
          <reporter-output>
          </reporter-output>
        </test-method> <!-- createProjectRoomOnTabTest -->
        <test-method status="SKIP" signature="uploadFileToProjectRoomTest()[pri:0, instance:f2g.autotests.F2GProjectRoomsTest@1f89ab83]" name="uploadFileToProjectRoomTest" duration-ms="0" started-at="2017-09-26T08:50:03Z" finished-at="2017-09-26T08:50:03Z">
          <reporter-output>
          </reporter-output>
        </test-method> <!-- uploadFileToProjectRoomTest -->
        <test-method status="SKIP" signature="sendLinkToProjectRoomTest()[pri:0, instance:f2g.autotests.F2GProjectRoomsTest@1f89ab83]" name="sendLinkToProjectRoomTest" duration-ms="0" started-at="2017-09-26T08:50:03Z" finished-at="2017-09-26T08:50:03Z">
          <reporter-output>
          </reporter-output>
        </test-method> <!-- sendLinkToProjectRoomTest -->
        <test-method status="SKIP" signature="deleteProjectRoomTest()[pri:0, instance:f2g.autotests.F2GProjectRoomsTest@1f89ab83]" name="deleteProjectRoomTest" duration-ms="0" started-at="2017-09-26T08:50:03Z" finished-at="2017-09-26T08:50:03Z">
          <reporter-output>
          </reporter-output>
        </test-method> <!-- deleteProjectRoomTest -->
      </class> <!-- f2g.autotests.F2GProjectRoomsTest -->
    </test> <!-- F2GProjectRoomSuite -->
  </suite> <!-- F2GProjectRoomSuite -->
</testng-results>
