<?xml version="1.0" encoding="UTF-8"?>
<!-- Generated by org.testng.reporters.JUnitXMLReporter -->
<testsuite hostname="WIN-LU7H8QDGGU2" name="F2GFileForwardSuite" tests="7" failures="0" timestamp="26 Sep 2017 15:50:12 GMT" time="8.985" errors="0">
  <testcase name="@BeforeClass BeforeClass" time="0.0" classname="f2g.autotests.F2GFileForwardsTest">
    <failure type="org.openqa.selenium.UnhandledAlertException" message="Modal dialog present: 
Build info: version: &amp;apos;unknown&amp;apos;, revision: &amp;apos;unknown&amp;apos;, time: &amp;apos;unknown&amp;apos;
System info: host: &amp;apos;WIN-LU7H8QDGGU2&amp;apos;, ip: &amp;apos;192.168.0.102&amp;apos;, os.name: &amp;apos;Windows Server 2012 R2&amp;apos;, os.arch: &amp;apos;amd64&amp;apos;, os.version: &amp;apos;6.3&amp;apos;, java.version: &amp;apos;1.8.0_144&amp;apos;
Driver info: org.openqa.selenium.ie.InternetExplorerDriver
Capabilities [{se:ieOptions={browserAttachTimeout=0, ie.enableFullPageScreenshot=true, enablePersistentHover=true, ie.forceCreateProcessApi=false, ie.forceShellWindowsApi=false, ignoreZoomSetting=false, ie.fileUploadDialogTimeout=3000, ie.useLegacyFileUploadDialogHandling=false, nativeEvents=true, ie.ensureCleanSession=false, elementScrollBehavior=0, ie.browserCommandLineSwitches=, requireWindowFocus=false, initialBrowserUrl=http://localhost:7817/, ignoreProtectedModeSettings=false, enableElementCacheCleanup=true}, browserName=internet explorer, pageLoadStrategy=normal, unhandledPromptBehavior=dismiss, javascriptEnabled=true, platformName=WINDOWS, version=11, platform=WINDOWS, unexpectedAlertBehaviour=dismiss}]
Session ID: a65d1d04-a4f6-4310-b47a-3c18f802fb0d">
      <![CDATA[org.openqa.selenium.UnhandledAlertException: Modal dialog present: 
Build info: version: 'unknown', revision: 'unknown', time: 'unknown'
System info: host: 'WIN-LU7H8QDGGU2', ip: '192.168.0.102', os.name: 'Windows Server 2012 R2', os.arch: 'amd64', os.version: '6.3', java.version: '1.8.0_144'
Driver info: org.openqa.selenium.ie.InternetExplorerDriver
Capabilities [{se:ieOptions={browserAttachTimeout=0, ie.enableFullPageScreenshot=true, enablePersistentHover=true, ie.forceCreateProcessApi=false, ie.forceShellWindowsApi=false, ignoreZoomSetting=false, ie.fileUploadDialogTimeout=3000, ie.useLegacyFileUploadDialogHandling=false, nativeEvents=true, ie.ensureCleanSession=false, elementScrollBehavior=0, ie.browserCommandLineSwitches=, requireWindowFocus=false, initialBrowserUrl=http://localhost:7817/, ignoreProtectedModeSettings=false, enableElementCacheCleanup=true}, browserName=internet explorer, pageLoadStrategy=normal, unhandledPromptBehavior=dismiss, javascriptEnabled=true, platformName=WINDOWS, version=11, platform=WINDOWS, unexpectedAlertBehaviour=dismiss}]
Session ID: a65d1d04-a4f6-4310-b47a-3c18f802fb0d
	at sun.reflect.NativeConstructorAccessorImpl.newInstance0(Native Method)
	at sun.reflect.NativeConstructorAccessorImpl.newInstance(Unknown Source)
	at sun.reflect.DelegatingConstructorAccessorImpl.newInstance(Unknown Source)
	at java.lang.reflect.Constructor.newInstance(Unknown Source)
	at org.openqa.selenium.remote.ErrorHandler.createThrowable(ErrorHandler.java:215)
	at org.openqa.selenium.remote.ErrorHandler.createUnhandledAlertException(ErrorHandler.java:196)
	at org.openqa.selenium.remote.ErrorHandler.throwIfResponseFailed(ErrorHandler.java:157)
	at org.openqa.selenium.remote.http.JsonHttpResponseCodec.reconstructValue(JsonHttpResponseCodec.java:40)
	at org.openqa.selenium.remote.http.AbstractHttpResponseCodec.decode(AbstractHttpResponseCodec.java:82)
	at org.openqa.selenium.remote.http.AbstractHttpResponseCodec.decode(AbstractHttpResponseCodec.java:45)
	at org.openqa.selenium.remote.HttpCommandExecutor.execute(HttpCommandExecutor.java:164)
	at org.openqa.selenium.remote.service.DriverCommandExecutor.execute(DriverCommandExecutor.java:82)
	at org.openqa.selenium.remote.RemoteWebDriver.execute(RemoteWebDriver.java:646)
	at org.openqa.selenium.remote.RemoteWebDriver$RemoteWebDriverOptions$RemoteTimeouts.implicitlyWait(RemoteWebDriver.java:877)
	at f2g.autotests.F2GFileForwardsTest.BeforeClass(F2GFileForwardsTest.java:30)
	at sun.reflect.NativeMethodAccessorImpl.invoke0(Native Method)
	at sun.reflect.NativeMethodAccessorImpl.invoke(Unknown Source)
	at sun.reflect.DelegatingMethodAccessorImpl.invoke(Unknown Source)
	at java.lang.reflect.Method.invoke(Unknown Source)
	at org.testng.internal.MethodInvocationHelper.invokeMethod(MethodInvocationHelper.java:84)
	at org.testng.internal.Invoker.invokeConfigurationMethod(Invoker.java:564)
	at org.testng.internal.Invoker.invokeConfigurations(Invoker.java:213)
	at org.testng.internal.Invoker.invokeConfigurations(Invoker.java:138)
	at org.testng.internal.TestMethodWorker.invokeBeforeClassMethods(TestMethodWorker.java:175)
	at org.testng.internal.TestMethodWorker.run(TestMethodWorker.java:107)
	at org.testng.TestRunner.privateRun(TestRunner.java:767)
	at org.testng.TestRunner.run(TestRunner.java:617)
	at org.testng.SuiteRunner.runTest(SuiteRunner.java:348)
	at org.testng.SuiteRunner.runSequentially(SuiteRunner.java:343)
	at org.testng.SuiteRunner.privateRun(SuiteRunner.java:305)
	at org.testng.SuiteRunner.run(SuiteRunner.java:254)
	at org.testng.SuiteRunnerWorker.runSuite(SuiteRunnerWorker.java:52)
	at org.testng.SuiteRunnerWorker.run(SuiteRunnerWorker.java:86)
	at org.testng.TestNG.runSuitesSequentially(TestNG.java:1224)
	at org.testng.TestNG.runSuitesSequentially(TestNG.java:1220)
	at org.testng.TestNG.runSuitesLocally(TestNG.java:1149)
	at org.testng.TestNG.run(TestNG.java:1057)
	at org.testng.TestNG.privateMain(TestNG.java:1364)
	at org.testng.TestNG.main(TestNG.java:1333)
]]>
    </failure>
  </testcase> <!-- @BeforeClass BeforeClass -->
  <testcase name="@AfterClass AfterClass" time="0.0" classname="f2g.autotests.F2GFileForwardsTest">
    <skipped/>
  </testcase> <!-- @AfterClass AfterClass -->
  <testcase name="createFileForwardTest" time="0.0" classname="f2g.autotests.F2GFileForwardsTest">
    <skipped/>
  </testcase> <!-- createFileForwardTest -->
  <testcase name="deleteFileForwardTest" time="0.0" classname="f2g.autotests.F2GFileForwardsTest">
    <skipped/>
  </testcase> <!-- deleteFileForwardTest -->
  <testcase name="downloadFileForwardTest" time="0.0" classname="f2g.autotests.F2GFileForwardsTest">
    <skipped/>
  </testcase> <!-- downloadFileForwardTest -->
  <testcase name="fileForwardStatisticsTest" time="0.0" classname="f2g.autotests.F2GFileForwardsTest">
    <skipped/>
  </testcase> <!-- fileForwardStatisticsTest -->
  <testcase name="previewFileForwardTest" time="0.0" classname="f2g.autotests.F2GFileForwardsTest">
    <skipped/>
  </testcase> <!-- previewFileForwardTest -->
  <testcase name="editFileForwardSettingsTest" time="0.0" classname="f2g.autotests.F2GFileForwardsTest">
    <skipped/>
  </testcase> <!-- editFileForwardSettingsTest -->
  <testcase name="renameFileForwardTest" time="0.0" classname="f2g.autotests.F2GFileForwardsTest">
    <skipped/>
  </testcase> <!-- renameFileForwardTest -->
</testsuite> <!-- F2GFileForwardSuite -->
