<?xml version="1.0" encoding="UTF-8"?>
<!-- Generated by org.testng.reporters.JUnitXMLReporter -->
<testsuite hostname="WIN-LU7H8QDGGU2" name="F2GUsersSuite" tests="3" failures="0" timestamp="17 Oct 2017 10:40:29 GMT" time="55.116" errors="0">
  <testcase name="createUserTest" time="8.952" classname="f2g.autotests.F2GUsersTest"/>
  <testcase name="editUserTest" time="12.064" classname="f2g.autotests.F2GUsersTest"/>
  <testcase name="deleteUserTest" time="9.952" classname="f2g.autotests.F2GUsersTest"/>
</testsuite> <!-- F2GUsersSuite -->
